2024-02-20 11:09:12,871 INFO o.a.j.u.JMeterUtils: Setting Locale to en_EN
2024-02-20 11:09:12,902 INFO o.a.j.JMeter: Loading user properties from: user.properties
2024-02-20 11:09:12,918 INFO o.a.j.JMeter: Loading system properties from: system.properties
2024-02-20 11:09:12,934 INFO o.a.j.JMeter: Copyright (c) 1998-2022 The Apache Software Foundation
2024-02-20 11:09:12,934 INFO o.a.j.JMeter: Version 5.5
2024-02-20 11:09:12,934 INFO o.a.j.JMeter: java.version=1.8.0_361
2024-02-20 11:09:12,934 INFO o.a.j.JMeter: java.vm.name=Java HotSpot(TM) 64-Bit Server VM
2024-02-20 11:09:12,934 INFO o.a.j.JMeter: os.name=Windows 10
2024-02-20 11:09:12,934 INFO o.a.j.JMeter: os.arch=amd64
2024-02-20 11:09:12,934 INFO o.a.j.JMeter: os.version=10.0
2024-02-20 11:09:12,934 INFO o.a.j.JMeter: file.encoding=Cp1252
2024-02-20 11:09:12,934 INFO o.a.j.JMeter: java.awt.headless=null
2024-02-20 11:09:12,934 INFO o.a.j.JMeter: Max memory     =7516192768
2024-02-20 11:09:12,934 INFO o.a.j.JMeter: Available Processors =8
2024-02-20 11:09:12,949 INFO o.a.j.JMeter: Default Locale=English (EN)
2024-02-20 11:09:12,949 INFO o.a.j.JMeter: JMeter  Locale=English (EN)
2024-02-20 11:09:12,949 INFO o.a.j.JMeter: JMeterHome=C:\apache-jmeter-5.5
2024-02-20 11:09:12,949 INFO o.a.j.JMeter: user.dir  =C:\apache-jmeter-5.5\bin
2024-02-20 11:09:12,949 INFO o.a.j.JMeter: PWD       =C:\apache-jmeter-5.5\bin
2024-02-20 11:09:12,949 INFO o.a.j.JMeter: IP: 10.0.10.89 Name: VM_PT_001 FullName: VM_PT_001
2024-02-20 11:09:12,981 INFO o.a.j.JMeter: Loaded icon properties from org/apache/jmeter/images/icon.properties
2024-02-20 11:09:13,434 INFO o.a.j.JMeterGuiLauncher: Setting LAF to: laf:com.sun.java.swing.plaf.windows.WindowsClassicLookAndFeel
2024-02-20 11:09:17,700 INFO o.j.r.JARSourceHTTP: Requesting https://jmeter-plugins.org/repo/?installID=windows_10-0fabcfd872d2e6b8ab3bac3ab03ec64f-gui
2024-02-20 11:09:23,856 INFO o.j.r.PluginManager: Plugins Status: [jpgc-graphs-basic=2.0, jpgc-graphs-additional=2.0, jpgc-casutg=2.10, jpgc-graphs-vs=2.0, jpgc-plugins-manager=1.8, jpgc-webdriver=4.5.1, websocket-sampler=1.0.2-SNAPSHOT, websocket-samplers=1.2.8, jmeter-core=5.5, jmeter-ftp=5.5, jmeter-http=5.5, jmeter-jdbc=5.5, jmeter-jms=5.5, jmeter-junit=5.5, jmeter-java=5.5, jmeter-ldap=5.5, jmeter-mail=5.5, jmeter-mongodb=5.5, jmeter-native=5.5, jmeter-tcp=5.5, jmeter-components=5.5]
2024-02-20 11:09:23,872 INFO o.j.r.PluginManagerMenuItem: Plugins Manager has upgrades: [jpgc-plugins-manager, jpgc-webdriver, websocket-samplers]
2024-02-20 11:09:39,778 INFO o.a.j.s.FileServer: Default base='C:\apache-jmeter-5.5\bin'
2024-02-20 11:09:39,778 INFO o.a.j.g.a.Load: Loading file: C:\Users\VMPT_User\Documents\Invicara_Jmeter\QA3 ENVIRONMENT\T001_ModelLoad.jmx
2024-02-20 11:09:39,778 INFO o.a.j.s.FileServer: Set new base='C:\Users\VMPT_User\Documents\Invicara_Jmeter\QA3 ENVIRONMENT'
2024-02-20 11:09:40,231 INFO o.a.j.s.SaveService: Testplan (JMX) version: 2.2. Testlog (JTL) version: 2.2
2024-02-20 11:09:40,293 INFO o.a.j.s.SaveService: Using SaveService properties file encoding UTF-8
2024-02-20 11:09:40,293 INFO o.a.j.s.SaveService: Using SaveService properties version 5.0
2024-02-20 11:09:40,309 INFO o.a.j.s.SaveService: Loading file: C:\Users\VMPT_User\Documents\Invicara_Jmeter\QA3 ENVIRONMENT\T001_ModelLoad.jmx
2024-02-20 11:09:40,918 INFO o.a.j.p.h.c.CookieManager: Settings: Delete null: true Check: true Allow variable: true Save: true Prefix: COOKIE_
2024-02-20 11:09:40,918 INFO o.a.j.p.h.c.CacheManager: Will only cache the following methods: [GET]
2024-02-20 11:09:40,934 INFO o.a.j.p.h.s.HTTPSamplerBase: Parser for text/html is org.apache.jmeter.protocol.http.parser.LagartoBasedHtmlParser
2024-02-20 11:09:40,934 INFO o.a.j.p.h.s.HTTPSamplerBase: Parser for application/xhtml+xml is org.apache.jmeter.protocol.http.parser.LagartoBasedHtmlParser
2024-02-20 11:09:40,934 INFO o.a.j.p.h.s.HTTPSamplerBase: Parser for application/xml is org.apache.jmeter.protocol.http.parser.LagartoBasedHtmlParser
2024-02-20 11:09:40,934 INFO o.a.j.p.h.s.HTTPSamplerBase: Parser for text/xml is org.apache.jmeter.protocol.http.parser.LagartoBasedHtmlParser
2024-02-20 11:09:40,934 INFO o.a.j.p.h.s.HTTPSamplerBase: Parser for text/vnd.wap.wml is org.apache.jmeter.protocol.http.parser.RegexpHTMLParser
2024-02-20 11:09:40,934 INFO o.a.j.p.h.s.HTTPSamplerBase: Parser for text/css is org.apache.jmeter.protocol.http.parser.CssParser
2024-02-20 11:09:41,637 INFO o.a.j.s.SampleResult: Note: Sample TimeStamps are START times
2024-02-20 11:09:41,637 INFO o.a.j.s.SampleResult: sampleresult.default.encoding is set to ISO-8859-1
2024-02-20 11:09:41,637 INFO o.a.j.s.SampleResult: sampleresult.useNanoTime=true
2024-02-20 11:09:41,637 INFO o.a.j.s.SampleResult: sampleresult.nanoThreadSleep=5000
2024-02-20 11:09:42,559 INFO o.a.j.s.FileServer: Set new base='C:\Users\VMPT_User\Documents\Invicara_Jmeter\QA3 ENVIRONMENT'
2024-02-20 11:09:51,950 INFO o.a.j.g.a.Load: Loading file: C:\Users\VMPT_User\Documents\Invicara_Jmeter\QA3 ENVIRONMENT\ModelLoad.jmx
2024-02-20 11:09:51,950 INFO o.a.j.s.FileServer: Set new base='C:\Users\VMPT_User\Documents\Invicara_Jmeter\QA3 ENVIRONMENT'
2024-02-20 11:09:51,950 INFO o.a.j.s.SaveService: Loading file: C:\Users\VMPT_User\Documents\Invicara_Jmeter\QA3 ENVIRONMENT\ModelLoad.jmx
2024-02-20 11:09:53,684 INFO o.a.j.s.FileServer: Set new base='C:\Users\VMPT_User\Documents\Invicara_Jmeter\QA3 ENVIRONMENT'
2024-02-20 11:10:08,481 INFO o.a.j.g.a.Load: Loading file: C:\Users\VMPT_User\Documents\Invicara_Jmeter\QA3 ENVIRONMENT\MODEL IMPORT\T001_ModelLoadScript.jmx
2024-02-20 11:10:08,481 INFO o.a.j.s.FileServer: Set new base='C:\Users\VMPT_User\Documents\Invicara_Jmeter\QA3 ENVIRONMENT\MODEL IMPORT'
2024-02-20 11:10:08,481 INFO o.a.j.s.SaveService: Loading file: C:\Users\VMPT_User\Documents\Invicara_Jmeter\QA3 ENVIRONMENT\MODEL IMPORT\T001_ModelLoadScript.jmx
2024-02-20 11:10:10,090 INFO o.a.j.e.KeyToolUtils: Exception checking for keytool existence, will return false, try another way.
2024-02-20 11:10:10,871 INFO o.a.j.e.KeyToolUtils: keytool found at 'C:\Program Files\Java\jre1.8.0_361\bin\keytool'
2024-02-20 11:10:10,871 INFO o.a.j.p.h.p.ProxyControl: HTTP(S) Test Script Recorder SSL Proxy will use keys that support embedded 3rd party resources in file C:\apache-jmeter-5.5\bin\proxyserver.jks
2024-02-20 11:10:14,387 INFO o.a.j.s.FileServer: Set new base='C:\Users\VMPT_User\Documents\Invicara_Jmeter\QA3 ENVIRONMENT\MODEL IMPORT'
2024-02-20 11:10:28,248 INFO o.a.j.g.a.Load: Loading file: C:\Users\VMPT_User\Documents\Invicara_Jmeter\QA3 ENVIRONMENT\MODEL IMPORT\T001_ModelLoadScript_OneWiltonProject.jmx
2024-02-20 11:10:28,248 INFO o.a.j.s.FileServer: Set new base='C:\Users\VMPT_User\Documents\Invicara_Jmeter\QA3 ENVIRONMENT\MODEL IMPORT'
2024-02-20 11:10:28,248 INFO o.a.j.s.SaveService: Loading file: C:\Users\VMPT_User\Documents\Invicara_Jmeter\QA3 ENVIRONMENT\MODEL IMPORT\T001_ModelLoadScript_OneWiltonProject.jmx
2024-02-20 11:10:29,340 INFO o.a.j.s.FileServer: Set new base='C:\Users\VMPT_User\Documents\Invicara_Jmeter\QA3 ENVIRONMENT\MODEL IMPORT'
